<?xml version="1.0" encoding="UTF-8"?>
<testsuite xmlns:xsi="http://www.w3.org/2001/XMLSchema-instance" xsi:noNamespaceSchemaLocation="https://maven.apache.org/surefire/maven-surefire-plugin/xsd/surefire-test-report.xsd" name="com.gl.gl_wechat.GlWechatApplicationTests" time="2.746" tests="1" errors="0" skipped="0" failures="0">
  <properties>
    <property name="sun.desktop" value="windows"/>
    <property name="awt.toolkit" value="sun.awt.windows.WToolkit"/>
    <property name="file.encoding.pkg" value="sun.io"/>
    <property name="java.specification.version" value="1.8"/>
    <property name="sun.cpu.isalist" value="amd64"/>
    <property name="sun.jnu.encoding" value="GBK"/>
    <property name="java.class.path" value="C:\workSoft\ideaWorkSpace\gl_wechat\target\test-classes;C:\workSoft\ideaWorkSpace\gl_wechat\target\classes;C:\workSoft\maven-repository\maven-repository\org\springframework\boot\spring-boot-starter-web\2.2.6.RELEASE\spring-boot-starter-web-2.2.6.RELEASE.jar;C:\workSoft\maven-repository\maven-repository\org\springframework\boot\spring-boot-starter\2.2.6.RELEASE\spring-boot-starter-2.2.6.RELEASE.jar;C:\workSoft\maven-repository\maven-repository\org\springframework\boot\spring-boot\2.2.6.RELEASE\spring-boot-2.2.6.RELEASE.jar;C:\workSoft\maven-repository\maven-repository\org\springframework\boot\spring-boot-autoconfigure\2.2.6.RELEASE\spring-boot-autoconfigure-2.2.6.RELEASE.jar;C:\workSoft\maven-repository\maven-repository\org\springframework\boot\spring-boot-starter-logging\2.2.6.RELEASE\spring-boot-starter-logging-2.2.6.RELEASE.jar;C:\workSoft\maven-repository\maven-repository\ch\qos\logback\logback-classic\1.2.3\logback-classic-1.2.3.jar;C:\workSoft\maven-repository\maven-repository\ch\qos\logback\logback-core\1.2.3\logback-core-1.2.3.jar;C:\workSoft\maven-repository\maven-repository\org\apache\logging\log4j\log4j-to-slf4j\2.12.1\log4j-to-slf4j-2.12.1.jar;C:\workSoft\maven-repository\maven-repository\org\apache\logging\log4j\log4j-api\2.12.1\log4j-api-2.12.1.jar;C:\workSoft\maven-repository\maven-repository\org\slf4j\jul-to-slf4j\1.7.30\jul-to-slf4j-1.7.30.jar;C:\workSoft\maven-repository\maven-repository\jakarta\annotation\jakarta.annotation-api\1.3.5\jakarta.annotation-api-1.3.5.jar;C:\workSoft\maven-repository\maven-repository\org\yaml\snakeyaml\1.25\snakeyaml-1.25.jar;C:\workSoft\maven-repository\maven-repository\org\springframework\boot\spring-boot-starter-json\2.2.6.RELEASE\spring-boot-starter-json-2.2.6.RELEASE.jar;C:\workSoft\maven-repository\maven-repository\com\fasterxml\jackson\core\jackson-databind\2.10.3\jackson-databind-2.10.3.jar;C:\workSoft\maven-repository\maven-repository\com\fasterxml\jackson\core\jackson-annotations\2.10.3\jackson-annotations-2.10.3.jar;C:\workSoft\maven-repository\maven-repository\com\fasterxml\jackson\core\jackson-core\2.10.3\jackson-core-2.10.3.jar;C:\workSoft\maven-repository\maven-repository\com\fasterxml\jackson\datatype\jackson-datatype-jdk8\2.10.3\jackson-datatype-jdk8-2.10.3.jar;C:\workSoft\maven-repository\maven-repository\com\fasterxml\jackson\datatype\jackson-datatype-jsr310\2.10.3\jackson-datatype-jsr310-2.10.3.jar;C:\workSoft\maven-repository\maven-repository\com\fasterxml\jackson\module\jackson-module-parameter-names\2.10.3\jackson-module-parameter-names-2.10.3.jar;C:\workSoft\maven-repository\maven-repository\org\springframework\boot\spring-boot-starter-tomcat\2.2.6.RELEASE\spring-boot-starter-tomcat-2.2.6.RELEASE.jar;C:\workSoft\maven-repository\maven-repository\org\apache\tomcat\embed\tomcat-embed-core\9.0.33\tomcat-embed-core-9.0.33.jar;C:\workSoft\maven-repository\maven-repository\org\apache\tomcat\embed\tomcat-embed-el\9.0.33\tomcat-embed-el-9.0.33.jar;C:\workSoft\maven-repository\maven-repository\org\apache\tomcat\embed\tomcat-embed-websocket\9.0.33\tomcat-embed-websocket-9.0.33.jar;C:\workSoft\maven-repository\maven-repository\org\springframework\boot\spring-boot-starter-validation\2.2.6.RELEASE\spring-boot-starter-validation-2.2.6.RELEASE.jar;C:\workSoft\maven-repository\maven-repository\jakarta\validation\jakarta.validation-api\2.0.2\jakarta.validation-api-2.0.2.jar;C:\workSoft\maven-repository\maven-repository\org\hibernate\validator\hibernate-validator\6.0.18.Final\hibernate-validator-6.0.18.Final.jar;C:\workSoft\maven-repository\maven-repository\org\jboss\logging\jboss-logging\3.4.1.Final\jboss-logging-3.4.1.Final.jar;C:\workSoft\maven-repository\maven-repository\com\fasterxml\classmate\1.5.1\classmate-1.5.1.jar;C:\workSoft\maven-repository\maven-repository\org\springframework\spring-web\5.2.5.RELEASE\spring-web-5.2.5.RELEASE.jar;C:\workSoft\maven-repository\maven-repository\org\springframework\spring-beans\5.2.5.RELEASE\spring-beans-5.2.5.RELEASE.jar;C:\workSoft\maven-repository\maven-repository\org\springframework\spring-webmvc\5.2.5.RELEASE\spring-webmvc-5.2.5.RELEASE.jar;C:\workSoft\maven-repository\maven-repository\org\springframework\spring-aop\5.2.5.RELEASE\spring-aop-5.2.5.RELEASE.jar;C:\workSoft\maven-repository\maven-repository\org\springframework\spring-context\5.2.5.RELEASE\spring-context-5.2.5.RELEASE.jar;C:\workSoft\maven-repository\maven-repository\org\springframework\spring-expression\5.2.5.RELEASE\spring-expression-5.2.5.RELEASE.jar;C:\workSoft\maven-repository\maven-repository\org\springframework\boot\spring-boot-starter-jdbc\2.2.6.RELEASE\spring-boot-starter-jdbc-2.2.6.RELEASE.jar;C:\workSoft\maven-repository\maven-repository\com\zaxxer\HikariCP\3.4.2\HikariCP-3.4.2.jar;C:\workSoft\maven-repository\maven-repository\org\slf4j\slf4j-api\1.7.30\slf4j-api-1.7.30.jar;C:\workSoft\maven-repository\maven-repository\org\springframework\spring-jdbc\5.2.5.RELEASE\spring-jdbc-5.2.5.RELEASE.jar;C:\workSoft\maven-repository\maven-repository\org\springframework\spring-tx\5.2.5.RELEASE\spring-tx-5.2.5.RELEASE.jar;C:\workSoft\maven-repository\maven-repository\org\mybatis\spring\boot\mybatis-spring-boot-starter\2.1.2\mybatis-spring-boot-starter-2.1.2.jar;C:\workSoft\maven-repository\maven-repository\org\mybatis\spring\boot\mybatis-spring-boot-autoconfigure\2.1.2\mybatis-spring-boot-autoconfigure-2.1.2.jar;C:\workSoft\maven-repository\maven-repository\org\mybatis\mybatis\3.5.4\mybatis-3.5.4.jar;C:\workSoft\maven-repository\maven-repository\org\mybatis\mybatis-spring\2.0.4\mybatis-spring-2.0.4.jar;C:\workSoft\maven-repository\maven-repository\com\google\zxing\core\3.3.0\core-3.3.0.jar;C:\workSoft\maven-repository\maven-repository\org\apache\httpcomponents\httpclient\4.3.5\httpclient-4.3.5.jar;C:\workSoft\maven-repository\maven-repository\org\apache\httpcomponents\httpcore\4.4.13\httpcore-4.4.13.jar;C:\workSoft\maven-repository\maven-repository\commons-codec\commons-codec\1.13\commons-codec-1.13.jar;C:\workSoft\maven-repository\maven-repository\org\projectlombok\lombok\1.16.10\lombok-1.16.10.jar;C:\workSoft\maven-repository\maven-repository\mysql\mysql-connector-java\8.0.19\mysql-connector-java-8.0.19.jar;C:\workSoft\maven-repository\maven-repository\org\springframework\boot\spring-boot-starter-test\2.2.6.RELEASE\spring-boot-starter-test-2.2.6.RELEASE.jar;C:\workSoft\maven-repository\maven-repository\org\springframework\boot\spring-boot-test\2.2.6.RELEASE\spring-boot-test-2.2.6.RELEASE.jar;C:\workSoft\maven-repository\maven-repository\org\springframework\boot\spring-boot-test-autoconfigure\2.2.6.RELEASE\spring-boot-test-autoconfigure-2.2.6.RELEASE.jar;C:\workSoft\maven-repository\maven-repository\com\jayway\jsonpath\json-path\2.4.0\json-path-2.4.0.jar;C:\workSoft\maven-repository\maven-repository\net\minidev\json-smart\2.3\json-smart-2.3.jar;C:\workSoft\maven-repository\maven-repository\net\minidev\accessors-smart\1.2\accessors-smart-1.2.jar;C:\workSoft\maven-repository\maven-repository\org\ow2\asm\asm\5.0.4\asm-5.0.4.jar;C:\workSoft\maven-repository\maven-repository\jakarta\xml\bind\jakarta.xml.bind-api\2.3.3\jakarta.xml.bind-api-2.3.3.jar;C:\workSoft\maven-repository\maven-repository\jakarta\activation\jakarta.activation-api\1.2.2\jakarta.activation-api-1.2.2.jar;C:\workSoft\maven-repository\maven-repository\org\junit\jupiter\junit-jupiter\5.5.2\junit-jupiter-5.5.2.jar;C:\workSoft\maven-repository\maven-repository\org\junit\jupiter\junit-jupiter-api\5.5.2\junit-jupiter-api-5.5.2.jar;C:\workSoft\maven-repository\maven-repository\org\apiguardian\apiguardian-api\1.1.0\apiguardian-api-1.1.0.jar;C:\workSoft\maven-repository\maven-repository\org\opentest4j\opentest4j\1.2.0\opentest4j-1.2.0.jar;C:\workSoft\maven-repository\maven-repository\org\junit\platform\junit-platform-commons\1.5.2\junit-platform-commons-1.5.2.jar;C:\workSoft\maven-repository\maven-repository\org\junit\jupiter\junit-jupiter-params\5.5.2\junit-jupiter-params-5.5.2.jar;C:\workSoft\maven-repository\maven-repository\org\junit\jupiter\junit-jupiter-engine\5.5.2\junit-jupiter-engine-5.5.2.jar;C:\workSoft\maven-repository\maven-repository\org\junit\platform\junit-platform-engine\1.5.2\junit-platform-engine-1.5.2.jar;C:\workSoft\maven-repository\maven-repository\org\mockito\mockito-junit-jupiter\3.1.0\mockito-junit-jupiter-3.1.0.jar;C:\workSoft\maven-repository\maven-repository\org\assertj\assertj-core\3.13.2\assertj-core-3.13.2.jar;C:\workSoft\maven-repository\maven-repository\org\hamcrest\hamcrest\2.1\hamcrest-2.1.jar;C:\workSoft\maven-repository\maven-repository\org\skyscreamer\jsonassert\1.5.0\jsonassert-1.5.0.jar;C:\workSoft\maven-repository\maven-repository\org\springframework\spring-core\5.2.5.RELEASE\spring-core-5.2.5.RELEASE.jar;C:\workSoft\maven-repository\maven-repository\org\springframework\spring-jcl\5.2.5.RELEASE\spring-jcl-5.2.5.RELEASE.jar;C:\workSoft\maven-repository\maven-repository\org\springframework\spring-test\5.2.5.RELEASE\spring-test-5.2.5.RELEASE.jar;C:\workSoft\maven-repository\maven-repository\org\xmlunit\xmlunit-core\2.6.4\xmlunit-core-2.6.4.jar;C:\workSoft\maven-repository\maven-repository\org\mockito\mockito-core\3.1.0\mockito-core-3.1.0.jar;C:\workSoft\maven-repository\maven-repository\net\bytebuddy\byte-buddy\1.10.8\byte-buddy-1.10.8.jar;C:\workSoft\maven-repository\maven-repository\net\bytebuddy\byte-buddy-agent\1.10.8\byte-buddy-agent-1.10.8.jar;C:\workSoft\maven-repository\maven-repository\org\objenesis\objenesis\2.6\objenesis-2.6.jar;C:\workSoft\maven-repository\maven-repository\com\vaadin\external\google\android-json\0.0.20131108.vaadin1\android-json-0.0.20131108.vaadin1.jar;C:\workSoft\maven-repository\maven-repository\com\alibaba\fastjson\1.2.68\fastjson-1.2.68.jar;C:\workSoft\maven-repository\maven-repository\org\jclouds\driver\jclouds-bouncycastle\1.6.0\jclouds-bouncycastle-1.6.0.jar;C:\workSoft\maven-repository\maven-repository\org\jclouds\jclouds-core\1.6.0\jclouds-core-1.6.0.jar;C:\workSoft\maven-repository\maven-repository\javax\ws\rs\jsr311-api\1.1.1\jsr311-api-1.1.1.jar;C:\workSoft\maven-repository\maven-repository\com\google\inject\extensions\guice-assistedinject\3.0\guice-assistedinject-3.0.jar;C:\workSoft\maven-repository\maven-repository\com\google\inject\guice\3.0\guice-3.0.jar;C:\workSoft\maven-repository\maven-repository\aopalliance\aopalliance\1.0\aopalliance-1.0.jar;C:\workSoft\maven-repository\maven-repository\org\99soft\guice\rocoto\6.2\rocoto-6.2.jar;C:\workSoft\maven-repository\maven-repository\javax\inject\javax.inject\1\javax.inject-1.jar;C:\workSoft\maven-repository\maven-repository\javax\annotation\jsr250-api\1.0\jsr250-api-1.0.jar;C:\workSoft\maven-repository\maven-repository\com\google\code\gson\gson\2.8.6\gson-2.8.6.jar;C:\workSoft\maven-repository\maven-repository\com\google\guava\guava\14.0.1\guava-14.0.1.jar;C:\workSoft\maven-repository\maven-repository\org\bouncycastle\bcprov-jdk16\1.46\bcprov-jdk16-1.46.jar;"/>
    <property name="java.vm.vendor" value="Oracle Corporation"/>
    <property name="sun.arch.data.model" value="64"/>
    <property name="user.variant" value=""/>
    <property name="java.vendor.url" value="http://java.oracle.com/"/>
    <property name="user.timezone" value="GMT+08:00"/>
    <property name="java.vm.specification.version" value="1.8"/>
    <property name="os.name" value="Windows 10"/>
    <property name="user.country" value="CN"/>
    <property name="sun.java.launcher" value="SUN_STANDARD"/>
    <property name="sun.boot.library.path" value="C:\Program Files\Java\jdk1.8.0_131\jre\bin"/>
    <property name="sun.java.command" value="C:\Users\赵聪\AppData\Local\Temp\surefire2547658026716204039\surefirebooter2566138239910836469.jar C:\Users\赵聪\AppData\Local\Temp\surefire2547658026716204039 2020-07-14T09-39-52_950-jvmRun1 surefire3009109993937378381tmp surefire_03475731788690026035tmp"/>
    <property name="surefire.test.class.path" value="C:\workSoft\ideaWorkSpace\gl_wechat\target\test-classes;C:\workSoft\ideaWorkSpace\gl_wechat\target\classes;C:\workSoft\maven-repository\maven-repository\org\springframework\boot\spring-boot-starter-web\2.2.6.RELEASE\spring-boot-starter-web-2.2.6.RELEASE.jar;C:\workSoft\maven-repository\maven-repository\org\springframework\boot\spring-boot-starter\2.2.6.RELEASE\spring-boot-starter-2.2.6.RELEASE.jar;C:\workSoft\maven-repository\maven-repository\org\springframework\boot\spring-boot\2.2.6.RELEASE\spring-boot-2.2.6.RELEASE.jar;C:\workSoft\maven-repository\maven-repository\org\springframework\boot\spring-boot-autoconfigure\2.2.6.RELEASE\spring-boot-autoconfigure-2.2.6.RELEASE.jar;C:\workSoft\maven-repository\maven-repository\org\springframework\boot\spring-boot-starter-logging\2.2.6.RELEASE\spring-boot-starter-logging-2.2.6.RELEASE.jar;C:\workSoft\maven-repository\maven-repository\ch\qos\logback\logback-classic\1.2.3\logback-classic-1.2.3.jar;C:\workSoft\maven-repository\maven-repository\ch\qos\logback\logback-core\1.2.3\logback-core-1.2.3.jar;C:\workSoft\maven-repository\maven-repository\org\apache\logging\log4j\log4j-to-slf4j\2.12.1\log4j-to-slf4j-2.12.1.jar;C:\workSoft\maven-repository\maven-repository\org\apache\logging\log4j\log4j-api\2.12.1\log4j-api-2.12.1.jar;C:\workSoft\maven-repository\maven-repository\org\slf4j\jul-to-slf4j\1.7.30\jul-to-slf4j-1.7.30.jar;C:\workSoft\maven-repository\maven-repository\jakarta\annotation\jakarta.annotation-api\1.3.5\jakarta.annotation-api-1.3.5.jar;C:\workSoft\maven-repository\maven-repository\org\yaml\snakeyaml\1.25\snakeyaml-1.25.jar;C:\workSoft\maven-repository\maven-repository\org\springframework\boot\spring-boot-starter-json\2.2.6.RELEASE\spring-boot-starter-json-2.2.6.RELEASE.jar;C:\workSoft\maven-repository\maven-repository\com\fasterxml\jackson\core\jackson-databind\2.10.3\jackson-databind-2.10.3.jar;C:\workSoft\maven-repository\maven-repository\com\fasterxml\jackson\core\jackson-annotations\2.10.3\jackson-annotations-2.10.3.jar;C:\workSoft\maven-repository\maven-repository\com\fasterxml\jackson\core\jackson-core\2.10.3\jackson-core-2.10.3.jar;C:\workSoft\maven-repository\maven-repository\com\fasterxml\jackson\datatype\jackson-datatype-jdk8\2.10.3\jackson-datatype-jdk8-2.10.3.jar;C:\workSoft\maven-repository\maven-repository\com\fasterxml\jackson\datatype\jackson-datatype-jsr310\2.10.3\jackson-datatype-jsr310-2.10.3.jar;C:\workSoft\maven-repository\maven-repository\com\fasterxml\jackson\module\jackson-module-parameter-names\2.10.3\jackson-module-parameter-names-2.10.3.jar;C:\workSoft\maven-repository\maven-repository\org\springframework\boot\spring-boot-starter-tomcat\2.2.6.RELEASE\spring-boot-starter-tomcat-2.2.6.RELEASE.jar;C:\workSoft\maven-repository\maven-repository\org\apache\tomcat\embed\tomcat-embed-core\9.0.33\tomcat-embed-core-9.0.33.jar;C:\workSoft\maven-repository\maven-repository\org\apache\tomcat\embed\tomcat-embed-el\9.0.33\tomcat-embed-el-9.0.33.jar;C:\workSoft\maven-repository\maven-repository\org\apache\tomcat\embed\tomcat-embed-websocket\9.0.33\tomcat-embed-websocket-9.0.33.jar;C:\workSoft\maven-repository\maven-repository\org\springframework\boot\spring-boot-starter-validation\2.2.6.RELEASE\spring-boot-starter-validation-2.2.6.RELEASE.jar;C:\workSoft\maven-repository\maven-repository\jakarta\validation\jakarta.validation-api\2.0.2\jakarta.validation-api-2.0.2.jar;C:\workSoft\maven-repository\maven-repository\org\hibernate\validator\hibernate-validator\6.0.18.Final\hibernate-validator-6.0.18.Final.jar;C:\workSoft\maven-repository\maven-repository\org\jboss\logging\jboss-logging\3.4.1.Final\jboss-logging-3.4.1.Final.jar;C:\workSoft\maven-repository\maven-repository\com\fasterxml\classmate\1.5.1\classmate-1.5.1.jar;C:\workSoft\maven-repository\maven-repository\org\springframework\spring-web\5.2.5.RELEASE\spring-web-5.2.5.RELEASE.jar;C:\workSoft\maven-repository\maven-repository\org\springframework\spring-beans\5.2.5.RELEASE\spring-beans-5.2.5.RELEASE.jar;C:\workSoft\maven-repository\maven-repository\org\springframework\spring-webmvc\5.2.5.RELEASE\spring-webmvc-5.2.5.RELEASE.jar;C:\workSoft\maven-repository\maven-repository\org\springframework\spring-aop\5.2.5.RELEASE\spring-aop-5.2.5.RELEASE.jar;C:\workSoft\maven-repository\maven-repository\org\springframework\spring-context\5.2.5.RELEASE\spring-context-5.2.5.RELEASE.jar;C:\workSoft\maven-repository\maven-repository\org\springframework\spring-expression\5.2.5.RELEASE\spring-expression-5.2.5.RELEASE.jar;C:\workSoft\maven-repository\maven-repository\org\springframework\boot\spring-boot-starter-jdbc\2.2.6.RELEASE\spring-boot-starter-jdbc-2.2.6.RELEASE.jar;C:\workSoft\maven-repository\maven-repository\com\zaxxer\HikariCP\3.4.2\HikariCP-3.4.2.jar;C:\workSoft\maven-repository\maven-repository\org\slf4j\slf4j-api\1.7.30\slf4j-api-1.7.30.jar;C:\workSoft\maven-repository\maven-repository\org\springframework\spring-jdbc\5.2.5.RELEASE\spring-jdbc-5.2.5.RELEASE.jar;C:\workSoft\maven-repository\maven-repository\org\springframework\spring-tx\5.2.5.RELEASE\spring-tx-5.2.5.RELEASE.jar;C:\workSoft\maven-repository\maven-repository\org\mybatis\spring\boot\mybatis-spring-boot-starter\2.1.2\mybatis-spring-boot-starter-2.1.2.jar;C:\workSoft\maven-repository\maven-repository\org\mybatis\spring\boot\mybatis-spring-boot-autoconfigure\2.1.2\mybatis-spring-boot-autoconfigure-2.1.2.jar;C:\workSoft\maven-repository\maven-repository\org\mybatis\mybatis\3.5.4\mybatis-3.5.4.jar;C:\workSoft\maven-repository\maven-repository\org\mybatis\mybatis-spring\2.0.4\mybatis-spring-2.0.4.jar;C:\workSoft\maven-repository\maven-repository\com\google\zxing\core\3.3.0\core-3.3.0.jar;C:\workSoft\maven-repository\maven-repository\org\apache\httpcomponents\httpclient\4.3.5\httpclient-4.3.5.jar;C:\workSoft\maven-repository\maven-repository\org\apache\httpcomponents\httpcore\4.4.13\httpcore-4.4.13.jar;C:\workSoft\maven-repository\maven-repository\commons-codec\commons-codec\1.13\commons-codec-1.13.jar;C:\workSoft\maven-repository\maven-repository\org\projectlombok\lombok\1.16.10\lombok-1.16.10.jar;C:\workSoft\maven-repository\maven-repository\mysql\mysql-connector-java\8.0.19\mysql-connector-java-8.0.19.jar;C:\workSoft\maven-repository\maven-repository\org\springframework\boot\spring-boot-starter-test\2.2.6.RELEASE\spring-boot-starter-test-2.2.6.RELEASE.jar;C:\workSoft\maven-repository\maven-repository\org\springframework\boot\spring-boot-test\2.2.6.RELEASE\spring-boot-test-2.2.6.RELEASE.jar;C:\workSoft\maven-repository\maven-repository\org\springframework\boot\spring-boot-test-autoconfigure\2.2.6.RELEASE\spring-boot-test-autoconfigure-2.2.6.RELEASE.jar;C:\workSoft\maven-repository\maven-repository\com\jayway\jsonpath\json-path\2.4.0\json-path-2.4.0.jar;C:\workSoft\maven-repository\maven-repository\net\minidev\json-smart\2.3\json-smart-2.3.jar;C:\workSoft\maven-repository\maven-repository\net\minidev\accessors-smart\1.2\accessors-smart-1.2.jar;C:\workSoft\maven-repository\maven-repository\org\ow2\asm\asm\5.0.4\asm-5.0.4.jar;C:\workSoft\maven-repository\maven-repository\jakarta\xml\bind\jakarta.xml.bind-api\2.3.3\jakarta.xml.bind-api-2.3.3.jar;C:\workSoft\maven-repository\maven-repository\jakarta\activation\jakarta.activation-api\1.2.2\jakarta.activation-api-1.2.2.jar;C:\workSoft\maven-repository\maven-repository\org\junit\jupiter\junit-jupiter\5.5.2\junit-jupiter-5.5.2.jar;C:\workSoft\maven-repository\maven-repository\org\junit\jupiter\junit-jupiter-api\5.5.2\junit-jupiter-api-5.5.2.jar;C:\workSoft\maven-repository\maven-repository\org\apiguardian\apiguardian-api\1.1.0\apiguardian-api-1.1.0.jar;C:\workSoft\maven-repository\maven-repository\org\opentest4j\opentest4j\1.2.0\opentest4j-1.2.0.jar;C:\workSoft\maven-repository\maven-repository\org\junit\platform\junit-platform-commons\1.5.2\junit-platform-commons-1.5.2.jar;C:\workSoft\maven-repository\maven-repository\org\junit\jupiter\junit-jupiter-params\5.5.2\junit-jupiter-params-5.5.2.jar;C:\workSoft\maven-repository\maven-repository\org\junit\jupiter\junit-jupiter-engine\5.5.2\junit-jupiter-engine-5.5.2.jar;C:\workSoft\maven-repository\maven-repository\org\junit\platform\junit-platform-engine\1.5.2\junit-platform-engine-1.5.2.jar;C:\workSoft\maven-repository\maven-repository\org\mockito\mockito-junit-jupiter\3.1.0\mockito-junit-jupiter-3.1.0.jar;C:\workSoft\maven-repository\maven-repository\org\assertj\assertj-core\3.13.2\assertj-core-3.13.2.jar;C:\workSoft\maven-repository\maven-repository\org\hamcrest\hamcrest\2.1\hamcrest-2.1.jar;C:\workSoft\maven-repository\maven-repository\org\skyscreamer\jsonassert\1.5.0\jsonassert-1.5.0.jar;C:\workSoft\maven-repository\maven-repository\org\springframework\spring-core\5.2.5.RELEASE\spring-core-5.2.5.RELEASE.jar;C:\workSoft\maven-repository\maven-repository\org\springframework\spring-jcl\5.2.5.RELEASE\spring-jcl-5.2.5.RELEASE.jar;C:\workSoft\maven-repository\maven-repository\org\springframework\spring-test\5.2.5.RELEASE\spring-test-5.2.5.RELEASE.jar;C:\workSoft\maven-repository\maven-repository\org\xmlunit\xmlunit-core\2.6.4\xmlunit-core-2.6.4.jar;C:\workSoft\maven-repository\maven-repository\org\mockito\mockito-core\3.1.0\mockito-core-3.1.0.jar;C:\workSoft\maven-repository\maven-repository\net\bytebuddy\byte-buddy\1.10.8\byte-buddy-1.10.8.jar;C:\workSoft\maven-repository\maven-repository\net\bytebuddy\byte-buddy-agent\1.10.8\byte-buddy-agent-1.10.8.jar;C:\workSoft\maven-repository\maven-repository\org\objenesis\objenesis\2.6\objenesis-2.6.jar;C:\workSoft\maven-repository\maven-repository\com\vaadin\external\google\android-json\0.0.20131108.vaadin1\android-json-0.0.20131108.vaadin1.jar;C:\workSoft\maven-repository\maven-repository\com\alibaba\fastjson\1.2.68\fastjson-1.2.68.jar;C:\workSoft\maven-repository\maven-repository\org\jclouds\driver\jclouds-bouncycastle\1.6.0\jclouds-bouncycastle-1.6.0.jar;C:\workSoft\maven-repository\maven-repository\org\jclouds\jclouds-core\1.6.0\jclouds-core-1.6.0.jar;C:\workSoft\maven-repository\maven-repository\javax\ws\rs\jsr311-api\1.1.1\jsr311-api-1.1.1.jar;C:\workSoft\maven-repository\maven-repository\com\google\inject\extensions\guice-assistedinject\3.0\guice-assistedinject-3.0.jar;C:\workSoft\maven-repository\maven-repository\com\google\inject\guice\3.0\guice-3.0.jar;C:\workSoft\maven-repository\maven-repository\aopalliance\aopalliance\1.0\aopalliance-1.0.jar;C:\workSoft\maven-repository\maven-repository\org\99soft\guice\rocoto\6.2\rocoto-6.2.jar;C:\workSoft\maven-repository\maven-repository\javax\inject\javax.inject\1\javax.inject-1.jar;C:\workSoft\maven-repository\maven-repository\javax\annotation\jsr250-api\1.0\jsr250-api-1.0.jar;C:\workSoft\maven-repository\maven-repository\com\google\code\gson\gson\2.8.6\gson-2.8.6.jar;C:\workSoft\maven-repository\maven-repository\com\google\guava\guava\14.0.1\guava-14.0.1.jar;C:\workSoft\maven-repository\maven-repository\org\bouncycastle\bcprov-jdk16\1.46\bcprov-jdk16-1.46.jar;"/>
    <property name="sun.cpu.endian" value="little"/>
    <property name="user.home" value="C:\Users\赵聪"/>
    <property name="user.language" value="zh"/>
    <property name="java.specification.vendor" value="Oracle Corporation"/>
    <property name="java.home" value="C:\Program Files\Java\jdk1.8.0_131\jre"/>
    <property name="basedir" value="C:\workSoft\ideaWorkSpace\gl_wechat"/>
    <property name="file.separator" value="\"/>
    <property name="line.separator" value="&#10;"/>
    <property name="java.vm.specification.vendor" value="Oracle Corporation"/>
    <property name="java.specification.name" value="Java Platform API Specification"/>
    <property name="java.awt.graphicsenv" value="sun.awt.Win32GraphicsEnvironment"/>
    <property name="surefire.real.class.path" value="C:\Users\赵聪\AppData\Local\Temp\surefire2547658026716204039\surefirebooter2566138239910836469.jar"/>
    <property name="sun.boot.class.path" value="C:\Program Files\Java\jdk1.8.0_131\jre\lib\resources.jar;C:\Program Files\Java\jdk1.8.0_131\jre\lib\rt.jar;C:\Program Files\Java\jdk1.8.0_131\jre\lib\sunrsasign.jar;C:\Program Files\Java\jdk1.8.0_131\jre\lib\jsse.jar;C:\Program Files\Java\jdk1.8.0_131\jre\lib\jce.jar;C:\Program Files\Java\jdk1.8.0_131\jre\lib\charsets.jar;C:\Program Files\Java\jdk1.8.0_131\jre\lib\jfr.jar;C:\Program Files\Java\jdk1.8.0_131\jre\classes"/>
    <property name="user.script" value=""/>
    <property name="sun.management.compiler" value="HotSpot 64-Bit Tiered Compilers"/>
    <property name="java.runtime.version" value="1.8.0_131-b11"/>
    <property name="user.name" value="zhaoCong"/>
    <property name="path.separator" value=";"/>
    <property name="os.version" value="10.0"/>
    <property name="java.endorsed.dirs" value="C:\Program Files\Java\jdk1.8.0_131\jre\lib\endorsed"/>
    <property name="java.runtime.name" value="Java(TM) SE Runtime Environment"/>
    <property name="file.encoding" value="GBK"/>
    <property name="java.vm.name" value="Java HotSpot(TM) 64-Bit Server VM"/>
    <property name="localRepository" value="C:\workSoft\maven-repository\maven-repository"/>
    <property name="java.vendor.url.bug" value="http://bugreport.sun.com/bugreport/"/>
    <property name="java.io.tmpdir" value="C:\Users\赵聪\AppData\Local\Temp\"/>
    <property name="java.version" value="1.8.0_131"/>
    <property name="user.dir" value="C:\workSoft\ideaWorkSpace\gl_wechat"/>
    <property name="os.arch" value="amd64"/>
    <property name="java.vm.specification.name" value="Java Virtual Machine Specification"/>
    <property name="java.awt.printerjob" value="sun.awt.windows.WPrinterJob"/>
    <property name="idea.version2019.3.1" value="true"/>
    <property name="sun.os.patch.level" value=""/>
    <property name="java.library.path" value="C:\Program Files\Java\jdk1.8.0_131\jre\bin;C:\WINDOWS\Sun\Java\bin;C:\WINDOWS\system32;C:\WINDOWS;C:\Program Files\Java\jdk1.8.0_131\bin;C:\Program Files\Java\jdk1.8.0_131\jre\bin;C:\Python27\;C:\Python27\Scripts;C:\Program Files (x86)\Common Files\Oracle\Java\javapath;C:\ProgramData\Oracle\Java\javapath;C:\windows\system32;C:\windows;C:\windows\System32\Wbem;C:\windows\System32\WindowsPowerShell\v1.0\;C:\windows\System32\OpenSSH\;C:\Program Files (x86)\NVIDIA Corporation\PhysX\Common;C:\Program Files\NVIDIA Corporation\NVIDIA NGX;C:\Program Files\NVIDIA Corporation\NVIDIA NvDLISR;C:\workSoft\Git\cmd;C:\WINDOWS\system32;C:\WINDOWS;C:\WINDOWS\System32\Wbem;C:\WINDOWS\System32\WindowsPowerShell\v1.0\;C:\WINDOWS\System32\OpenSSH\;C:\Program Files\MongoDB\Server\4.0\bin;C:\Program Files\TortoiseSVN\bin;C:\workSoft\nodejs\;C:\ProgramData\chocolatey\bin;C:\Program Files\MySQL\MySQL Server 5.6\bin;C:\Users\赵聪\AppData\Local\Programs\Python\Python37\Scripts\;C:\Users\赵聪\AppData\Local\Programs\Python\Python37\;C:\Program Files\Java\jdk1.8.0_131\bin;C:\Program Files\Java\jdk1.8.0_131\jre\bin;C:\Users\赵聪\AppData\Local\Microsoft\WindowsApps;C:\workSoft\IntelliJ IDEA 2019.1.3\bin;C:\workSoft\apache-maven-3.6.1\bin;C:\workSoft\apache-maven-3.6.1\bin\;C:\workSoft\Microsoft VS Code\bin;C:\workSoft\gradle\gradle-5.5-rc-3-bin\gradle-5.5-rc-3\bin;D:\software\apache-tomcat-8.5.42\bin;C:\Users\赵聪\AppData\Local\BypassRuntm;C:\workSoft\IntelliJ IDEA 2019.3.1\bin;;C:\Users\赵聪\AppData\Roaming\npm;."/>
    <property name="java.vm.info" value="mixed mode"/>
    <property name="java.vendor" value="Oracle Corporation"/>
    <property name="java.vm.version" value="25.131-b11"/>
    <property name="java.ext.dirs" value="C:\Program Files\Java\jdk1.8.0_131\jre\lib\ext;C:\WINDOWS\Sun\Java\lib\ext"/>
    <property name="sun.io.unicode.encoding" value="UnicodeLittle"/>
    <property name="java.class.version" value="52.0"/>
  </properties>
  <testcase name="contextLoads" classname="com.gl.gl_wechat.GlWechatApplicationTests" time="0.22"/>
</testsuite>